#
# There is insufficient memory for the Java Runtime Environment to continue.
# Native memory allocation (malloc) failed to allocate 441296 bytes for Chunk::new
# Possible reasons:
#   The system is out of physical RAM or swap space
#   In 32 bit mode, the process size limit was hit
# Possible solutions:
#   Reduce memory load on the system
#   Increase physical memory or swap space
#   Check if swap backing store is full
#   Use 64 bit Java on a 64 bit OS
#   Decrease Java heap size (-Xmx/-Xms)
#   Decrease number of Java threads
#   Decrease Java thread stack sizes (-Xss)
#   Set larger code cache with -XX:ReservedCodeCacheSize=
# This output file may be truncated or incomplete.
#
#  Out of Memory Error (allocation.cpp:390), pid=136, tid=5272
#
# JRE version: Java(TM) SE Runtime Environment (8.0_31-b13) (build 1.8.0_31-b13)
# Java VM: Java HotSpot(TM) 64-Bit Server VM (25.31-b07 mixed mode windows-amd64 compressed oops)
# Failed to write core dump. Minidumps are not enabled by default on client versions of Windows
#

---------------  T H R E A D  ---------------

Current thread (0x0000000005e06800):  JavaThread "C2 CompilerThread0" daemon [_thread_in_native, id=5272, stack(0x0000000007320000,0x0000000007420000)]

Stack: [0x0000000007320000,0x0000000007420000]
Native frames: (J=compiled Java code, j=interpreted, Vv=VM code, C=native code)
V  [jvm.dll+0x3169ba]
V  [jvm.dll+0x2674c3]
V  [jvm.dll+0x268103]
V  [jvm.dll+0x25f8f5]
V  [jvm.dll+0xbf025]
V  [jvm.dll+0xbf4cc]
V  [jvm.dll+0x45df82]
V  [jvm.dll+0x49f21f]
V  [jvm.dll+0x452b35]
V  [jvm.dll+0x454124]
V  [jvm.dll+0x437c62]
V  [jvm.dll+0x988e2]
V  [jvm.dll+0x990d3]
V  [jvm.dll+0x22c194]
V  [jvm.dll+0x28576a]
C  [msvcr100.dll+0x21d9f]
C  [msvcr100.dll+0x21e3b]
C  [KERNEL32.DLL+0x16ad]
C  [ntdll.dll+0x74629]


Current CompileTask:
C2:  19069 1735 %     4       com.android.dx.ssa.SsaConverter::placePhiFunctions @ 131 (394 bytes)


---------------  P R O C E S S  ---------------

Java Threads: ( => current thread )
  0x0000000007564800 JavaThread "Service Thread" daemon [_thread_blocked, id=2980, stack(0x0000000007a20000,0x0000000007b20000)]
  0x0000000007538800 JavaThread "C1 CompilerThread2" daemon [_thread_blocked, id=4776, stack(0x0000000007920000,0x0000000007a20000)]
  0x0000000005e0a000 JavaThread "C2 CompilerThread1" daemon [_thread_in_native, id=3868, stack(0x0000000007420000,0x0000000007520000)]
=>0x0000000005e06800 JavaThread "C2 CompilerThread0" daemon [_thread_in_native, id=5272, stack(0x0000000007320000,0x0000000007420000)]
  0x0000000005e05000 JavaThread "Attach Listener" daemon [_thread_blocked, id=5976, stack(0x0000000007220000,0x0000000007320000)]
  0x0000000005db6800 JavaThread "Signal Dispatcher" daemon [_thread_blocked, id=4268, stack(0x0000000007120000,0x0000000007220000)]
  0x00000000026df000 JavaThread "Finalizer" daemon [_thread_blocked, id=412, stack(0x0000000007020000,0x0000000007120000)]
  0x00000000026dc000 JavaThread "Reference Handler" daemon [_thread_blocked, id=5820, stack(0x0000000006f20000,0x0000000007020000)]
  0x00000000025f0800 JavaThread "main" [_thread_blocked, id=4104, stack(0x00000000024f0000,0x00000000025f0000)]

Other Threads:
  0x0000000005d85800 VMThread [stack: 0x0000000006e20000,0x0000000006f20000] [id=4784]
  0x0000000007587800 WatcherThread [stack: 0x0000000007b20000,0x0000000007c20000] [id=4192]

VM state:at safepoint (normal execution)

VM Mutex/Monitor currently owned by a thread:  ([mutex/lock_event])
[0x000000000246c3e0] Threads_lock - owner thread: 0x0000000005d85800
[0x000000000246c5e0] Heap_lock - owner thread: 0x00000000025f0800

Heap:
 PSYoungGen      total 68096K, used 2536K [0x00000000eab00000, 0x00000000ef000000, 0x0000000100000000)
  eden space 65536K, 0% used [0x00000000eab00000,0x00000000eab00000,0x00000000eeb00000)
  from space 2560K, 99% used [0x00000000eed80000,0x00000000eeffa078,0x00000000ef000000)
  to   space 2560K, 0% used [0x00000000eeb00000,0x00000000eeb00000,0x00000000eed80000)
 ParOldGen       total 44032K, used 33968K [0x00000000c0000000, 0x00000000c2b00000, 0x00000000eab00000)
  object space 44032K, 77% used [0x00000000c0000000,0x00000000c212c220,0x00000000c2b00000)
 Metaspace       used 5906K, capacity 7088K, committed 7296K, reserved 1056768K
  class space    used 554K, capacity 616K, committed 640K, reserved 1048576K

Card table byte_map: [0x0000000002ab0000,0x0000000002cc0000] byte_map_base: 0x00000000024b0000

Marking Bits: (ParMarkBitMap*) 0x000000005170d4f0
 Begin Bits: [0x0000000003220000, 0x0000000004220000)
 End Bits:   [0x0000000004220000, 0x0000000005220000)

Polling page: 0x0000000000470000

CodeCache: size=245760Kb used=7909Kb max_used=7909Kb free=237850Kb
 bounds [0x000000000f010000, 0x000000000f7d0000, 0x000000001e010000]
 total_blobs=2072 nmethods=1811 adapters=174
 compilation: disabled (not enough contiguous free space left)

Compilation events (10 events):
Event: 8.283 Thread 0x0000000007538800 1804       3       com.android.dx.rop.cst.CstArray$List::<init> (6 bytes)
Event: 8.283 Thread 0x0000000007538800 nmethod 1804 0x000000000f7c0890 code [0x000000000f7c0a00, 0x000000000f7c0b88]
Event: 8.283 Thread 0x0000000007538800 1805       3       com.android.dx.rop.cst.CstArray::<init> (28 bytes)
Event: 8.284 Thread 0x0000000007538800 nmethod 1805 0x000000000f7c0c10 code [0x000000000f7c0da0, 0x000000000f7c1278]
Event: 8.311 Thread 0x0000000007538800 1806       3       com.android.dx.dex.file.AnnotationUtils::makeCstArray (57 bytes)
Event: 8.312 Thread 0x0000000007538800 nmethod 1806 0x000000000f7c1490 code [0x000000000f7c1700, 0x000000000f7c2738]
Event: 8.334 Thread 0x0000000007538800 1807       3       com.android.dx.cf.direct.DirectClassFile$DcfTypeList::getType (26 bytes)
Event: 8.337 Thread 0x0000000007538800 nmethod 1807 0x000000000f7c3190 code [0x000000000f7c3460, 0x000000000f7c4968]
Event: 8.338 Thread 0x0000000007538800 1808       3       com.android.dx.dex.file.AnnotationUtils::makeThrows (40 bytes)
Event: 8.338 Thread 0x0000000007538800 nmethod 1808 0x000000000f7c58d0 code [0x000000000f7c5aa0, 0x000000000f7c61c8]

GC Heap History (8 events):
Event: 2.276 GC heap before
{Heap before GC invocations=1 (full 0):
 PSYoungGen      total 18944K, used 16384K [0x00000000eab00000, 0x00000000ec000000, 0x0000000100000000)
  eden space 16384K, 100% used [0x00000000eab00000,0x00000000ebb00000,0x00000000ebb00000)
  from space 2560K, 0% used [0x00000000ebd80000,0x00000000ebd80000,0x00000000ec000000)
  to   space 2560K, 0% used [0x00000000ebb00000,0x00000000ebb00000,0x00000000ebd80000)
 ParOldGen       total 44032K, used 0K [0x00000000c0000000, 0x00000000c2b00000, 0x00000000eab00000)
  object space 44032K, 0% used [0x00000000c0000000,0x00000000c0000000,0x00000000c2b00000)
 Metaspace       used 5524K, capacity 6768K, committed 7040K, reserved 1056768K
  class space    used 548K, capacity 616K, committed 640K, reserved 1048576K
Event: 2.367 GC heap after
Heap after GC invocations=1 (full 0):
 PSYoungGen      total 18944K, used 2551K [0x00000000eab00000, 0x00000000ed000000, 0x0000000100000000)
  eden space 16384K, 0% used [0x00000000eab00000,0x00000000eab00000,0x00000000ebb00000)
  from space 2560K, 99% used [0x00000000ebb00000,0x00000000ebd7dc78,0x00000000ebd80000)
  to   space 2560K, 0% used [0x00000000ecd80000,0x00000000ecd80000,0x00000000ed000000)
 ParOldGen       total 44032K, used 1666K [0x00000000c0000000, 0x00000000c2b00000, 0x00000000eab00000)
  object space 44032K, 3% used [0x00000000c0000000,0x00000000c01a0850,0x00000000c2b00000)
 Metaspace       used 5524K, capacity 6768K, committed 7040K, reserved 1056768K
  class space    used 548K, capacity 616K, committed 640K, reserved 1048576K
}
Event: 4.438 GC heap before
{Heap before GC invocations=2 (full 0):
 PSYoungGen      total 18944K, used 18935K [0x00000000eab00000, 0x00000000ed000000, 0x0000000100000000)
  eden space 16384K, 100% used [0x00000000eab00000,0x00000000ebb00000,0x00000000ebb00000)
  from space 2560K, 99% used [0x00000000ebb00000,0x00000000ebd7dc78,0x00000000ebd80000)
  to   space 2560K, 0% used [0x00000000ecd80000,0x00000000ecd80000,0x00000000ed000000)
 ParOldGen       total 44032K, used 1666K [0x00000000c0000000, 0x00000000c2b00000, 0x00000000eab00000)
  object space 44032K, 3% used [0x00000000c0000000,0x00000000c01a0850,0x00000000c2b00000)
 Metaspace       used 5750K, capacity 6960K, committed 7040K, reserved 1056768K
  class space    used 550K, capacity 616K, committed 640K, reserved 1048576K
Event: 4.535 GC heap after
Heap after GC invocations=2 (full 0):
 PSYoungGen      total 35328K, used 2538K [0x00000000eab00000, 0x00000000ed000000, 0x0000000100000000)
  eden space 32768K, 0% used [0x00000000eab00000,0x00000000eab00000,0x00000000ecb00000)
  from space 2560K, 99% used [0x00000000ecd80000,0x00000000ecffaab8,0x00000000ed000000)
  to   space 2560K, 0% used [0x00000000ecb00000,0x00000000ecb00000,0x00000000ecd80000)
 ParOldGen       total 44032K, used 4051K [0x00000000c0000000, 0x00000000c2b00000, 0x00000000eab00000)
  object space 44032K, 9% used [0x00000000c0000000,0x00000000c03f4d38,0x00000000c2b00000)
 Metaspace       used 5750K, capacity 6960K, committed 7040K, reserved 1056768K
  class space    used 550K, capacity 616K, committed 640K, reserved 1048576K
}
Event: 7.521 GC heap before
{Heap before GC invocations=3 (full 0):
 PSYoungGen      total 35328K, used 35306K [0x00000000eab00000, 0x00000000ed000000, 0x0000000100000000)
  eden space 32768K, 100% used [0x00000000eab00000,0x00000000ecb00000,0x00000000ecb00000)
  from space 2560K, 99% used [0x00000000ecd80000,0x00000000ecffaab8,0x00000000ed000000)
  to   space 2560K, 0% used [0x00000000ecb00000,0x00000000ecb00000,0x00000000ecd80000)
 ParOldGen       total 44032K, used 4051K [0x00000000c0000000, 0x00000000c2b00000, 0x00000000eab00000)
  object space 44032K, 9% used [0x00000000c0000000,0x00000000c03f4d38,0x00000000c2b00000)
 Metaspace       used 5850K, capacity 7024K, committed 7296K, reserved 1056768K
  class space    used 552K, capacity 616K, committed 640K, reserved 1048576K
Event: 7.574 GC heap after
Heap after GC invocations=3 (full 0):
 PSYoungGen      total 35328K, used 2560K [0x00000000eab00000, 0x00000000ef000000, 0x0000000100000000)
  eden space 32768K, 0% used [0x00000000eab00000,0x00000000eab00000,0x00000000ecb00000)
  from space 2560K, 100% used [0x00000000ecb00000,0x00000000ecd80000,0x00000000ecd80000)
  to   space 2560K, 0% used [0x00000000eed80000,0x00000000eed80000,0x00000000ef000000)
 ParOldGen       total 44032K, used 9503K [0x00000000c0000000, 0x00000000c2b00000, 0x00000000eab00000)
  object space 44032K, 21% used [0x00000000c0000000,0x00000000c0947e78,0x00000000c2b00000)
 Metaspace       used 5850K, capacity 7024K, committed 7296K, reserved 1056768K
  class space    used 552K, capacity 616K, committed 640K, reserved 1048576K
}
Event: 8.142 GC heap before
{Heap before GC invocations=4 (full 0):
 PSYoungGen      total 35328K, used 35328K [0x00000000eab00000, 0x00000000ef000000, 0x0000000100000000)
  eden space 32768K, 100% used [0x00000000eab00000,0x00000000ecb00000,0x00000000ecb00000)
  from space 2560K, 100% used [0x00000000ecb00000,0x00000000ecd80000,0x00000000ecd80000)
  to   space 2560K, 0% used [0x00000000eed80000,0x00000000eed80000,0x00000000ef000000)
 ParOldGen       total 44032K, used 9503K [0x00000000c0000000, 0x00000000c2b00000, 0x00000000eab00000)
  object space 44032K, 21% used [0x00000000c0000000,0x00000000c0947e78,0x00000000c2b00000)
 Metaspace       used 5887K, capacity 7088K, committed 7296K, reserved 1056768K
  class space    used 553K, capacity 616K, committed 640K, reserved 1048576K
Event: 8.163 GC heap after
Heap after GC invocations=4 (full 0):
 PSYoungGen      total 68096K, used 2555K [0x00000000eab00000, 0x00000000ef000000, 0x0000000100000000)
  eden space 65536K, 0% used [0x00000000eab00000,0x00000000eab00000,0x00000000eeb00000)
  from space 2560K, 99% used [0x00000000eed80000,0x00000000eeffef40,0x00000000ef000000)
  to   space 2560K, 0% used [0x00000000eeb00000,0x00000000eeb00000,0x00000000eed80000)
 ParOldGen       total 44032K, used 15105K [0x00000000c0000000, 0x00000000c2b00000, 0x00000000eab00000)
  object space 44032K, 34% used [0x00000000c0000000,0x00000000c0ec0620,0x00000000c2b00000)
 Metaspace       used 5887K, capacity 7088K, committed 7296K, reserved 1056768K
  class space    used 553K, capacity 616K, committed 640K, reserved 1048576K
}

Deoptimization events (10 events):
Event: 7.622 Thread 0x00000000025f0800 Uncommon trap: reason=bimorphic action=maybe_recompile pc=0x000000000f5d7a90 method=java.util.HashMap.putVal(ILjava/lang/Object;Ljava/lang/Object;ZZ)Ljava/lang/Object; @ 203
Event: 7.622 Thread 0x00000000025f0800 Uncommon trap: reason=bimorphic action=maybe_recompile pc=0x000000000f2d4038 method=java.util.HashMap.getNode(ILjava/lang/Object;)Ljava/util/HashMap$Node; @ 126
Event: 7.826 Thread 0x00000000025f0800 Uncommon trap: reason=class_check action=maybe_recompile pc=0x000000000f680894 method=com.android.dx.cf.code.RopperMachine.run(Lcom/android/dx/cf/code/Frame;II)V @ 988
Event: 7.830 Thread 0x00000000025f0800 Uncommon trap: reason=unloaded action=reinterpret pc=0x000000000f583ffc method=com.android.dx.ssa.LiteralOpUpgrader$1.visitNonMoveInsn(Lcom/android/dx/ssa/NormalSsaInsn;)V @ 72
Event: 7.831 Thread 0x00000000025f0800 Uncommon trap: reason=unreached action=reinterpret pc=0x000000000f424a5c method=com.android.dx.ssa.SsaMethod.updateOneDefinition(Lcom/android/dx/ssa/SsaInsn;Lcom/android/dx/rop/code/RegisterSpec;)V @ 4
Event: 7.899 Thread 0x00000000025f0800 Uncommon trap: reason=bimorphic action=maybe_recompile pc=0x000000000f58c7a8 method=com.android.dx.ssa.LiteralOpUpgrader.tryReplacingWithConstant(Lcom/android/dx/ssa/NormalSsaInsn;)Z @ 52
Event: 8.032 Thread 0x00000000025f0800 Uncommon trap: reason=bimorphic action=maybe_recompile pc=0x000000000f58c7a8 method=com.android.dx.ssa.LiteralOpUpgrader.tryReplacingWithConstant(Lcom/android/dx/ssa/NormalSsaInsn;)Z @ 52
Event: 8.082 Thread 0x00000000025f0800 Uncommon trap: reason=class_check action=maybe_recompile pc=0x000000000f680894 method=com.android.dx.cf.code.RopperMachine.run(Lcom/android/dx/cf/code/Frame;II)V @ 988
Event: 8.092 Thread 0x00000000025f0800 Uncommon trap: reason=class_check action=maybe_recompile pc=0x000000000f680894 method=com.android.dx.cf.code.RopperMachine.run(Lcom/android/dx/cf/code/Frame;II)V @ 988
Event: 8.186 Thread 0x00000000025f0800 Uncommon trap: reason=class_check action=maybe_recompile pc=0x000000000f680894 method=com.android.dx.cf.code.RopperMachine.run(Lcom/android/dx/cf/code/Frame;II)V @ 988

Internal exceptions (10 events):
Event: 1.376 Thread 0x00000000025f0800 Exception <a 'java/security/PrivilegedActionException'> (0x00000000eb4362a8) thrown at [C:\workspace\8-2-build-windows-amd64-cygwin\jdk8u31\2394\hotspot\src\share\vm\prims\jvm.cpp, line 1312]
Event: 1.864 Thread 0x00000000025f0800 Exception <a 'java/security/PrivilegedActionException'> (0x00000000eb67ba90) thrown at [C:\workspace\8-2-build-windows-amd64-cygwin\jdk8u31\2394\hotspot\src\share\vm\prims\jvm.cpp, line 1312]
Event: 2.523 Thread 0x00000000025f0800 Exception <a 'java/security/PrivilegedActionException'> (0x00000000eacb4918) thrown at [C:\workspace\8-2-build-windows-amd64-cygwin\jdk8u31\2394\hotspot\src\share\vm\prims\jvm.cpp, line 1312]
Event: 2.524 Thread 0x00000000025f0800 Exception <a 'java/security/PrivilegedActionException'> (0x00000000eacb7e00) thrown at [C:\workspace\8-2-build-windows-amd64-cygwin\jdk8u31\2394\hotspot\src\share\vm\prims\jvm.cpp, line 1312]
Event: 2.544 Thread 0x00000000025f0800 Implicit null exception at 0x000000000f442f22 to 0x000000000f443012
Event: 2.881 Thread 0x00000000025f0800 Exception <a 'java/security/PrivilegedActionException'> (0x00000000eb224638) thrown at [C:\workspace\8-2-build-windows-amd64-cygwin\jdk8u31\2394\hotspot\src\share\vm\prims\jvm.cpp, line 1312]
Event: 6.735 Thread 0x00000000025f0800 Exception <a 'java/security/PrivilegedActionException'> (0x00000000ec14f5f8) thrown at [C:\workspace\8-2-build-windows-amd64-cygwin\jdk8u31\2394\hotspot\src\share\vm\prims\jvm.cpp, line 1312]
Event: 7.312 Thread 0x00000000025f0800 Exception <a 'java/security/PrivilegedActionException'> (0x00000000ec8c68d8) thrown at [C:\workspace\8-2-build-windows-amd64-cygwin\jdk8u31\2394\hotspot\src\share\vm\prims\jvm.cpp, line 1312]
Event: 7.689 Thread 0x00000000025f0800 Exception <a 'java/security/PrivilegedActionException'> (0x00000000eaf2c0b0) thrown at [C:\workspace\8-2-build-windows-amd64-cygwin\jdk8u31\2394\hotspot\src\share\vm\prims\jvm.cpp, line 1312]
Event: 7.830 Thread 0x00000000025f0800 Exception <a 'java/security/PrivilegedActionException'> (0x00000000eb3465a0) thrown at [C:\workspace\8-2-build-windows-amd64-cygwin\jdk8u31\2394\hotspot\src\share\vm\prims\jvm.cpp, line 1312]

Events (10 events):
Event: 8.082 Thread 0x00000000025f0800 DEOPT PACKING pc=0x000000000f680894 sp=0x00000000025ee1e0
Event: 8.082 Thread 0x00000000025f0800 DEOPT UNPACKING pc=0x000000000f05556a sp=0x00000000025ee178 mode 2
Event: 8.092 Thread 0x00000000025f0800 Uncommon trap: trap_request=0xffffffde fr.pc=0x000000000f680894
Event: 8.092 Thread 0x00000000025f0800 DEOPT PACKING pc=0x000000000f680894 sp=0x00000000025ee1e0
Event: 8.092 Thread 0x00000000025f0800 DEOPT UNPACKING pc=0x000000000f05556a sp=0x00000000025ee178 mode 2
Event: 8.142 Executing VM operation: ParallelGCFailedAllocation
Event: 8.163 Executing VM operation: ParallelGCFailedAllocation done
Event: 8.186 Thread 0x00000000025f0800 Uncommon trap: trap_request=0xffffffde fr.pc=0x000000000f680894
Event: 8.186 Thread 0x00000000025f0800 DEOPT PACKING pc=0x000000000f680894 sp=0x00000000025ee1e0
Event: 8.186 Thread 0x00000000025f0800 DEOPT UNPACKING pc=0x000000000f05556a sp=0x00000000025ee178 mode 2


Dynamic libraries:
0x00007ff77c470000 - 0x00007ff77c4a4000 	C:\Program Files\Java\jdk1.8.0_31\bin\java.exe
0x00007ffdf9b90000 - 0x00007ffdf9d3a000 	C:\Windows\SYSTEM32\ntdll.dll
0x00007ffdf7410000 - 0x00007ffdf754a000 	C:\Windows\system32\KERNEL32.DLL
0x00007ffdf7250000 - 0x00007ffdf735f000 	C:\Windows\system32\KERNELBASE.dll
0x00007ffdf5a20000 - 0x00007ffdf5aa8000 	C:\Windows\system32\apphelp.dll
0x00007ffde7830000 - 0x00007ffde787f000 	C:\Windows\AppPatch\AppPatch64\AcGenral.DLL
0x00007ffdf75d0000 - 0x00007ffdf7677000 	C:\Windows\system32\msvcrt.dll
0x00007ffdf6d60000 - 0x00007ffdf6d8b000 	C:\Windows\SYSTEM32\SspiCli.dll
0x00007ffdf9860000 - 0x00007ffdf98b1000 	C:\Windows\system32\SHLWAPI.dll
0x00007ffdf9a10000 - 0x00007ffdf9b81000 	C:\Windows\system32\USER32.dll
0x00007ffdf96d0000 - 0x00007ffdf9848000 	C:\Windows\system32\ole32.dll
0x00007ffdf7d30000 - 0x00007ffdf9147000 	C:\Windows\system32\SHELL32.dll
0x00007ffdf6540000 - 0x00007ffdf655e000 	C:\Windows\SYSTEM32\USERENV.dll
0x00007ffdf9620000 - 0x00007ffdf96c5000 	C:\Windows\system32\ADVAPI32.dll
0x00007ffdeeee0000 - 0x00007ffdeeefb000 	C:\Windows\SYSTEM32\MPR.dll
0x00007ffdf7680000 - 0x00007ffdf77b6000 	C:\Windows\system32\RPCRT4.dll
0x00007ffdf98c0000 - 0x00007ffdf9917000 	C:\Windows\SYSTEM32\sechost.dll
0x00007ffdf79c0000 - 0x00007ffdf7b96000 	C:\Windows\SYSTEM32\combase.dll
0x00007ffdf94d0000 - 0x00007ffdf9615000 	C:\Windows\system32\GDI32.dll
0x00007ffdf6f00000 - 0x00007ffdf6f14000 	C:\Windows\SYSTEM32\profapi.dll
0x00007ffdf5ab0000 - 0x00007ffdf5b4f000 	C:\Windows\SYSTEM32\SHCORE.dll
0x00007ffdf99c0000 - 0x00007ffdf99f4000 	C:\Windows\system32\IMM32.DLL
0x00007ffdf77c0000 - 0x00007ffdf78f9000 	C:\Windows\system32\MSCTF.dll
0x00007ffdf6eb0000 - 0x00007ffdf6ee2000 	C:\Windows\system32\nvinitx.dll
0x00007ffdf6ea0000 - 0x00007ffdf6eaa000 	C:\Windows\SYSTEM32\VERSION.dll
0x000000000f000000 - 0x000000000f006000 	C:\Program Files\NVIDIA Corporation\CoProcManager\_etoured.dll
0x00007ffdf47e0000 - 0x00007ffdf4812000 	C:\Program Files\NVIDIA Corporation\CoProcManager\nvd3d9wrapx.dll
0x00007ffdf9150000 - 0x00007ffdf9324000 	C:\Windows\system32\SETUPAPI.dll
0x00007ffdf71b0000 - 0x00007ffdf71fa000 	C:\Windows\system32\CFGMGR32.dll
0x00007ffdf4460000 - 0x00007ffdf4482000 	C:\Program Files\NVIDIA Corporation\CoProcManager\nvdxgiwrapx.dll
0x00007ffdf5100000 - 0x00007ffdf535a000 	C:\Windows\WinSxS\amd64_microsoft.windows.common-controls_6595b64144ccf1df_6.0.9600.17031_none_6242a4b3ecbb55a1\COMCTL32.dll
0x00000000509d0000 - 0x0000000050aa2000 	C:\Program Files\Java\jdk1.8.0_31\jre\bin\msvcr100.dll
0x0000000050f30000 - 0x000000005178a000 	C:\Program Files\Java\jdk1.8.0_31\jre\bin\server\jvm.dll
0x00007ffdeee30000 - 0x00007ffdeee39000 	C:\Windows\SYSTEM32\WSOCK32.dll
0x00007ffdf5360000 - 0x00007ffdf537f000 	C:\Windows\SYSTEM32\WINMM.dll
0x00007ffdf9a00000 - 0x00007ffdf9a07000 	C:\Windows\system32\PSAPI.DLL
0x00007ffdf7bb0000 - 0x00007ffdf7c08000 	C:\Windows\system32\WS2_32.dll
0x00007ffdf4e10000 - 0x00007ffdf4e3a000 	C:\Windows\SYSTEM32\WINMMBASE.dll
0x00007ffdf7ba0000 - 0x00007ffdf7ba9000 	C:\Windows\system32\NSI.dll
0x00007ffdf5d30000 - 0x00007ffdf5d56000 	C:\Windows\SYSTEM32\DEVOBJ.dll
0x0000000050e40000 - 0x0000000050e4f000 	C:\Program Files\Java\jdk1.8.0_31\jre\bin\verify.dll
0x0000000050e10000 - 0x0000000050e38000 	C:\Program Files\Java\jdk1.8.0_31\jre\bin\java.dll
0x0000000050df0000 - 0x0000000050e06000 	C:\Program Files\Java\jdk1.8.0_31\jre\bin\zip.dll
0x00007ffde9b20000 - 0x00007ffde9ca8000 	C:\Windows\SYSTEM32\dbghelp.dll

VM Arguments:
jvm_args: -Xmx1024M -Dfile.encoding=x-windows-874 -Duser.country=US -Duser.language=en -Duser.variant 
java_command: com.android.dx.command.Main --dex --output C:\Users\l2ol3otic2\AndroidStudioProjects\Head_UP04\app\build\intermediates\pre-dexed\debug\classes-360221abdca75d4fa209436a63dbcc94dfde2a4e.jar C:\Users\l2ol3otic2\AndroidStudioProjects\Head_UP04\app\build\intermediates\exploded-aar\com.google.android.gms\play-services-games\7.0.0\classes.jar
java_class_path (initial): C:\Users\l2ol3otic2\AppData\Local\Android\sdk\build-tools\22.0.0\lib\dx.jar
Launcher Type: SUN_STANDARD

Environment Variables:
PATH=C:\ProgramData\Oracle\Java\javapath;C:\Program Files (x86)\NVIDIA Corporation\PhysX\Common;C:\Windows\system32;C:\Windows;C:\Windows\System32\Wbem;C:\Windows\System32\WindowsPowerShell\v1.0\;C:\Program Files (x86)\Intel\OpenCL SDK\2.0\bin\x86;C:\Program Files (x86)\Intel\OpenCL SDK\2.0\bin\x64;C:\Program Files (x86)\Git\cmd
USERNAME=l2ol3otic2
OS=Windows_NT
PROCESSOR_IDENTIFIER=Intel64 Family 6 Model 42 Stepping 7, GenuineIntel



---------------  S Y S T E M  ---------------

OS: Windows 8.1 , 64 bit Build 9600 

CPU:total 4 (2 cores per cpu, 2 threads per core) family 6 model 42 stepping 7, cmov, cx8, fxsr, mmx, sse, sse2, sse3, ssse3, sse4.1, sse4.2, popcnt, avx, aes, clmul, ht, tsc, tscinvbit

Memory: 4k page, physical 4099248k(307576k free), swap 7244976k(367972k free)

vm_info: Java HotSpot(TM) 64-Bit Server VM (25.31-b07) for windows-amd64 JRE (1.8.0_31-b13), built on Dec 17 2014 21:00:28 by "java_re" with MS VC++ 10.0 (VS2010)

time: Fri Apr 17 17:38:00 2015
elapsed time: 19 seconds (0d 0h 0m 19s)

