#
# There is insufficient memory for the Java Runtime Environment to continue.
# Native memory allocation (malloc) failed to allocate 1501776 bytes for Chunk::new
# Possible reasons:
#   The system is out of physical RAM or swap space
#   In 32 bit mode, the process size limit was hit
# Possible solutions:
#   Reduce memory load on the system
#   Increase physical memory or swap space
#   Check if swap backing store is full
#   Use 64 bit Java on a 64 bit OS
#   Decrease Java heap size (-Xmx/-Xms)
#   Decrease number of Java threads
#   Decrease Java thread stack sizes (-Xss)
#   Set larger code cache with -XX:ReservedCodeCacheSize=
# This output file may be truncated or incomplete.
#
#  Out of Memory Error (allocation.cpp:390), pid=5732, tid=5288
#
# JRE version: Java(TM) SE Runtime Environment (8.0_31-b13) (build 1.8.0_31-b13)
# Java VM: Java HotSpot(TM) 64-Bit Server VM (25.31-b07 mixed mode windows-amd64 compressed oops)
# Failed to write core dump. Minidumps are not enabled by default on client versions of Windows
#

---------------  T H R E A D  ---------------

Current thread (0x0000000006737000):  JavaThread "C2 CompilerThread0" daemon [_thread_in_native, id=5288, stack(0x0000000007c60000,0x0000000007d60000)]

Stack: [0x0000000007c60000,0x0000000007d60000]
Native frames: (J=compiled Java code, j=interpreted, Vv=VM code, C=native code)
V  [jvm.dll+0x3169ba]


Current CompileTask:
C2:   9673 1564   !   4       com.android.dx.cf.code.Ropper::processBlock (1101 bytes)


---------------  P R O C E S S  ---------------

Java Threads: ( => current thread )
  0x0000000007eab000 JavaThread "Service Thread" daemon [_thread_blocked, id=3120, stack(0x0000000008360000,0x0000000008460000)]
  0x0000000007e89800 JavaThread "C1 CompilerThread2" daemon [_thread_blocked, id=384, stack(0x0000000008260000,0x0000000008360000)]
  0x000000000673a000 JavaThread "C2 CompilerThread1" daemon [_thread_in_native, id=4868, stack(0x0000000007d60000,0x0000000007e60000)]
=>0x0000000006737000 JavaThread "C2 CompilerThread0" daemon [_thread_in_native, id=5288, stack(0x0000000007c60000,0x0000000007d60000)]
  0x0000000006735800 JavaThread "Attach Listener" daemon [_thread_blocked, id=5660, stack(0x0000000007b60000,0x0000000007c60000)]
  0x0000000006734800 JavaThread "Signal Dispatcher" daemon [_thread_blocked, id=1844, stack(0x0000000007a60000,0x0000000007b60000)]
  0x0000000002fef000 JavaThread "Finalizer" daemon [_thread_blocked, id=3648, stack(0x0000000007940000,0x0000000007a40000)]
  0x0000000002fec000 JavaThread "Reference Handler" daemon [_thread_blocked, id=3644, stack(0x0000000007840000,0x0000000007940000)]
  0x0000000002f00800 JavaThread "main" [_thread_in_Java, id=6016, stack(0x0000000002e00000,0x0000000002f00000)]

Other Threads:
  0x00000000066b5800 VMThread [stack: 0x0000000007740000,0x0000000007840000] [id=5672]
  0x0000000007ec6800 WatcherThread [stack: 0x0000000008460000,0x0000000008560000] [id=1824]

VM state:not at safepoint (normal execution)

VM Mutex/Monitor currently owned by a thread: None

Heap:
 PSYoungGen      total 68096K, used 21004K [0x00000000eab00000, 0x00000000ef000000, 0x0000000100000000)
  eden space 65536K, 28% used [0x00000000eab00000,0x00000000ebd03238,0x00000000eeb00000)
  from space 2560K, 100% used [0x00000000eeb00000,0x00000000eed80000,0x00000000eed80000)
  to   space 2560K, 0% used [0x00000000eed80000,0x00000000eed80000,0x00000000ef000000)
 ParOldGen       total 44032K, used 25904K [0x00000000c0000000, 0x00000000c2b00000, 0x00000000eab00000)
  object space 44032K, 58% used [0x00000000c0000000,0x00000000c194c1e8,0x00000000c2b00000)
 Metaspace       used 6209K, capacity 7344K, committed 7552K, reserved 1058816K
  class space    used 575K, capacity 616K, committed 640K, reserved 1048576K

Card table byte_map: [0x00000000033c0000,0x00000000035d0000] byte_map_base: 0x0000000002dc0000

Marking Bits: (ParMarkBitMap*) 0x000000005170d4f0
 Begin Bits: [0x0000000003b30000, 0x0000000004b30000)
 End Bits:   [0x0000000004b30000, 0x0000000005b30000)

Polling page: 0x0000000002db0000

CodeCache: size=245760Kb used=7523Kb max_used=7523Kb free=238236Kb
 bounds [0x000000000f010000, 0x000000000f770000, 0x000000001e010000]
 total_blobs=2099 nmethods=1836 adapters=175
 compilation: disabled (not enough contiguous free space left)

Compilation events (10 events):
Event: 8.107 Thread 0x0000000007e89800 1653       3       com.android.dx.rop.code.LocalVariableInfo::<init> (82 bytes)
Event: 8.108 Thread 0x0000000007e89800 nmethod 1653 0x000000000f6fbbd0 code [0x000000000f6fbe00, 0x000000000f6fcb68]
Event: 8.108 Thread 0x0000000007e89800 1654       3       com.android.dx.dex.code.RopTranslator::translate (21 bytes)
Event: 8.108 Thread 0x0000000007e89800 nmethod 1654 0x000000000f6fd110 code [0x000000000f6fd280, 0x000000000f6fd4b8]
Event: 8.108 Thread 0x0000000007e89800 1655       3       com.android.dx.dex.code.RopTranslator::<init> (190 bytes)
Event: 8.110 Thread 0x0000000007e89800 nmethod 1655 0x000000000f6fd5d0 code [0x000000000f6fd820, 0x000000000f6fe978]
Event: 8.110 Thread 0x0000000007e89800 1656       3       com.android.dx.dex.code.BlockAddresses::<init> (44 bytes)
Event: 8.110 Thread 0x0000000007e89800 nmethod 1656 0x000000000f6ff290 code [0x000000000f6ff420, 0x000000000f6ff938]
Event: 8.110 Thread 0x0000000007e89800 1657       3       com.android.dx.dex.code.RopTranslator::calculateParamsAreInOrder (37 bytes)
Event: 8.319 Thread 0x0000000007e89800 


GC Heap History (8 events):
Event: 2.650 GC heap before
{Heap before GC invocations=1 (full 0):
 PSYoungGen      total 18944K, used 16384K [0x00000000eab00000, 0x00000000ec000000, 0x0000000100000000)
  eden space 16384K, 100% used [0x00000000eab00000,0x00000000ebb00000,0x00000000ebb00000)
  from space 2560K, 0% used [0x00000000ebd80000,0x00000000ebd80000,0x00000000ec000000)
  to   space 2560K, 0% used [0x00000000ebb00000,0x00000000ebb00000,0x00000000ebd80000)
 ParOldGen       total 44032K, used 0K [0x00000000c0000000, 0x00000000c2b00000, 0x00000000eab00000)
  object space 44032K, 0% used [0x00000000c0000000,0x00000000c0000000,0x00000000c2b00000)
 Metaspace       used 5523K, capacity 6768K, committed 7040K, reserved 1056768K
  class space    used 549K, capacity 616K, committed 640K, reserved 1048576K
Event: 2.728 GC heap after
Heap after GC invocations=1 (full 0):
 PSYoungGen      total 18944K, used 2551K [0x00000000eab00000, 0x00000000ed000000, 0x0000000100000000)
  eden space 16384K, 0% used [0x00000000eab00000,0x00000000eab00000,0x00000000ebb00000)
  from space 2560K, 99% used [0x00000000ebb00000,0x00000000ebd7dc78,0x00000000ebd80000)
  to   space 2560K, 0% used [0x00000000ecd80000,0x00000000ecd80000,0x00000000ed000000)
 ParOldGen       total 44032K, used 1666K [0x00000000c0000000, 0x00000000c2b00000, 0x00000000eab00000)
  object space 44032K, 3% used [0x00000000c0000000,0x00000000c01a0818,0x00000000c2b00000)
 Metaspace       used 5523K, capacity 6768K, committed 7040K, reserved 1056768K
  class space    used 549K, capacity 616K, committed 640K, reserved 1048576K
}
Event: 5.242 GC heap before
{Heap before GC invocations=2 (full 0):
 PSYoungGen      total 18944K, used 18935K [0x00000000eab00000, 0x00000000ed000000, 0x0000000100000000)
  eden space 16384K, 100% used [0x00000000eab00000,0x00000000ebb00000,0x00000000ebb00000)
  from space 2560K, 99% used [0x00000000ebb00000,0x00000000ebd7dc78,0x00000000ebd80000)
  to   space 2560K, 0% used [0x00000000ecd80000,0x00000000ecd80000,0x00000000ed000000)
 ParOldGen       total 44032K, used 1666K [0x00000000c0000000, 0x00000000c2b00000, 0x00000000eab00000)
  object space 44032K, 3% used [0x00000000c0000000,0x00000000c01a0818,0x00000000c2b00000)
 Metaspace       used 5739K, capacity 6960K, committed 7040K, reserved 1056768K
  class space    used 551K, capacity 616K, committed 640K, reserved 1048576K
Event: 5.354 GC heap after
Heap after GC invocations=2 (full 0):
 PSYoungGen      total 35328K, used 2535K [0x00000000eab00000, 0x00000000ed000000, 0x0000000100000000)
  eden space 32768K, 0% used [0x00000000eab00000,0x00000000eab00000,0x00000000ecb00000)
  from space 2560K, 99% used [0x00000000ecd80000,0x00000000ecff9c78,0x00000000ed000000)
  to   space 2560K, 0% used [0x00000000ecb00000,0x00000000ecb00000,0x00000000ecd80000)
 ParOldGen       total 44032K, used 4415K [0x00000000c0000000, 0x00000000c2b00000, 0x00000000eab00000)
  object space 44032K, 10% used [0x00000000c0000000,0x00000000c044fd08,0x00000000c2b00000)
 Metaspace       used 5739K, capacity 6960K, committed 7040K, reserved 1056768K
  class space    used 551K, capacity 616K, committed 640K, reserved 1048576K
}
Event: 7.725 GC heap before
{Heap before GC invocations=3 (full 0):
 PSYoungGen      total 35328K, used 35303K [0x00000000eab00000, 0x00000000ed000000, 0x0000000100000000)
  eden space 32768K, 100% used [0x00000000eab00000,0x00000000ecb00000,0x00000000ecb00000)
  from space 2560K, 99% used [0x00000000ecd80000,0x00000000ecff9c78,0x00000000ed000000)
  to   space 2560K, 0% used [0x00000000ecb00000,0x00000000ecb00000,0x00000000ecd80000)
 ParOldGen       total 44032K, used 4415K [0x00000000c0000000, 0x00000000c2b00000, 0x00000000eab00000)
  object space 44032K, 10% used [0x00000000c0000000,0x00000000c044fd08,0x00000000c2b00000)
 Metaspace       used 5870K, capacity 7088K, committed 7296K, reserved 1056768K
  class space    used 553K, capacity 616K, committed 640K, reserved 1048576K
Event: 7.766 GC heap after
Heap after GC invocations=3 (full 0):
 PSYoungGen      total 35328K, used 2528K [0x00000000eab00000, 0x00000000ef000000, 0x0000000100000000)
  eden space 32768K, 0% used [0x00000000eab00000,0x00000000eab00000,0x00000000ecb00000)
  from space 2560K, 98% used [0x00000000ecb00000,0x00000000ecd78010,0x00000000ecd80000)
  to   space 2560K, 0% used [0x00000000eed80000,0x00000000eed80000,0x00000000ef000000)
 ParOldGen       total 44032K, used 9948K [0x00000000c0000000, 0x00000000c2b00000, 0x00000000eab00000)
  object space 44032K, 22% used [0x00000000c0000000,0x00000000c09b7258,0x00000000c2b00000)
 Metaspace       used 5870K, capacity 7088K, committed 7296K, reserved 1056768K
  class space    used 553K, capacity 616K, committed 640K, reserved 1048576K
}
Event: 8.248 GC heap before
{Heap before GC invocations=4 (full 0):
 PSYoungGen      total 35328K, used 35296K [0x00000000eab00000, 0x00000000ef000000, 0x0000000100000000)
  eden space 32768K, 100% used [0x00000000eab00000,0x00000000ecb00000,0x00000000ecb00000)
  from space 2560K, 98% used [0x00000000ecb00000,0x00000000ecd78010,0x00000000ecd80000)
  to   space 2560K, 0% used [0x00000000eed80000,0x00000000eed80000,0x00000000ef000000)
 ParOldGen       total 44032K, used 9948K [0x00000000c0000000, 0x00000000c2b00000, 0x00000000eab00000)
  object space 44032K, 22% used [0x00000000c0000000,0x00000000c09b7258,0x00000000c2b00000)
 Metaspace       used 5882K, capacity 7088K, committed 7296K, reserved 1056768K
  class space    used 553K, capacity 616K, committed 640K, reserved 1048576K
Event: 8.270 GC heap after
Heap after GC invocations=4 (full 0):
 PSYoungGen      total 68096K, used 2560K [0x00000000eab00000, 0x00000000ef000000, 0x0000000100000000)
  eden space 65536K, 0% used [0x00000000eab00000,0x00000000eab00000,0x00000000eeb00000)
  from space 2560K, 100% used [0x00000000eed80000,0x00000000ef000000,0x00000000ef000000)
  to   space 2560K, 0% used [0x00000000eeb00000,0x00000000eeb00000,0x00000000eed80000)
 ParOldGen       total 44032K, used 15343K [0x00000000c0000000, 0x00000000c2b00000, 0x00000000eab00000)
  object space 44032K, 34% used [0x00000000c0000000,0x00000000c0efbf38,0x00000000c2b00000)
 Metaspace       used 5882K, capacity 7088K, committed 7296K, reserved 1056768K
  class space    used 553K, capacity 616K, committed 640K, reserved 1048576K
}

Deoptimization events (10 events):
Event: 8.179 Thread 0x0000000002f00800 Uncommon trap: reason=bimorphic action=maybe_recompile pc=0x000000000f2b5424 method=java.util.HashMap.getNode(ILjava/lang/Object;)Ljava/util/HashMap$Node; @ 126
Event: 8.179 Thread 0x0000000002f00800 Uncommon trap: reason=bimorphic action=maybe_recompile pc=0x000000000f2b5424 method=java.util.HashMap.getNode(ILjava/lang/Object;)Ljava/util/HashMap$Node; @ 126
Event: 8.336 Thread 0x0000000002f00800 Uncommon trap: reason=class_check action=maybe_recompile pc=0x000000000f4cdebc method=java.util.HashMap.putVal(ILjava/lang/Object;Ljava/lang/Object;ZZ)Ljava/lang/Object; @ 203
Event: 8.336 Thread 0x0000000002f00800 Uncommon trap: reason=bimorphic action=maybe_recompile pc=0x000000000f231750 method=java.util.HashMap.getNode(ILjava/lang/Object;)Ljava/util/HashMap$Node; @ 126
Event: 8.364 Thread 0x0000000002f00800 Uncommon trap: reason=bimorphic action=maybe_recompile pc=0x000000000f51a598 method=com.android.dx.cf.code.BytecodeArray.parseInstruction(ILcom/android/dx/cf/code/BytecodeArray$Visitor;)I @ 939
Event: 8.364 Thread 0x0000000002f00800 Uncommon trap: reason=bimorphic action=maybe_recompile pc=0x000000000f51a498 method=com.android.dx.cf.code.BytecodeArray.parseInstruction(ILcom/android/dx/cf/code/BytecodeArray$Visitor;)I @ 907
Event: 8.364 Thread 0x0000000002f00800 Uncommon trap: reason=bimorphic action=maybe_recompile pc=0x000000000f51a498 method=com.android.dx.cf.code.BytecodeArray.parseInstruction(ILcom/android/dx/cf/code/BytecodeArray$Visitor;)I @ 907
Event: 8.364 Thread 0x0000000002f00800 Uncommon trap: reason=bimorphic action=maybe_recompile pc=0x000000000f51a518 method=com.android.dx.cf.code.BytecodeArray.parseInstruction(ILcom/android/dx/cf/code/BytecodeArray$Visitor;)I @ 923
Event: 8.364 Thread 0x0000000002f00800 Uncommon trap: reason=bimorphic action=maybe_recompile pc=0x000000000f51a518 method=com.android.dx.cf.code.BytecodeArray.parseInstruction(ILcom/android/dx/cf/code/BytecodeArray$Visitor;)I @ 923
Event: 8.364 Thread 0x0000000002f00800 Uncommon trap: reason=unreached action=reinterpret pc=0x000000000f62d660 method=com.android.dx.cf.code.RopperMachine.run(Lcom/android/dx/cf/code/Frame;II)V @ 1500

Internal exceptions (10 events):
Event: 1.427 Thread 0x0000000002f00800 Exception <a 'java/security/PrivilegedActionException'> (0x00000000eb3faa40) thrown at [C:\workspace\8-2-build-windows-amd64-cygwin\jdk8u31\2394\hotspot\src\share\vm\prims\jvm.cpp, line 1312]
Event: 1.598 Thread 0x0000000002f00800 Exception <a 'java/security/PrivilegedActionException'> (0x00000000eb44fa08) thrown at [C:\workspace\8-2-build-windows-amd64-cygwin\jdk8u31\2394\hotspot\src\share\vm\prims\jvm.cpp, line 1312]
Event: 1.607 Thread 0x0000000002f00800 Exception <a 'java/security/PrivilegedActionException'> (0x00000000eb469a28) thrown at [C:\workspace\8-2-build-windows-amd64-cygwin\jdk8u31\2394\hotspot\src\share\vm\prims\jvm.cpp, line 1312]
Event: 2.646 Thread 0x0000000002f00800 Exception <a 'java/security/PrivilegedActionException'> (0x00000000ebae7130) thrown at [C:\workspace\8-2-build-windows-amd64-cygwin\jdk8u31\2394\hotspot\src\share\vm\prims\jvm.cpp, line 1312]
Event: 3.099 Thread 0x0000000002f00800 Exception <a 'java/security/PrivilegedActionException'> (0x00000000eac83318) thrown at [C:\workspace\8-2-build-windows-amd64-cygwin\jdk8u31\2394\hotspot\src\share\vm\prims\jvm.cpp, line 1312]
Event: 3.964 Thread 0x0000000002f00800 Exception <a 'java/security/PrivilegedActionException'> (0x00000000eb122998) thrown at [C:\workspace\8-2-build-windows-amd64-cygwin\jdk8u31\2394\hotspot\src\share\vm\prims\jvm.cpp, line 1312]
Event: 7.456 Thread 0x0000000002f00800 Exception <a 'java/security/PrivilegedActionException'> (0x00000000ec656ad0) thrown at [C:\workspace\8-2-build-windows-amd64-cygwin\jdk8u31\2394\hotspot\src\share\vm\prims\jvm.cpp, line 1312]
Event: 7.458 Thread 0x0000000002f00800 Exception <a 'java/security/PrivilegedActionException'> (0x00000000ec660c38) thrown at [C:\workspace\8-2-build-windows-amd64-cygwin\jdk8u31\2394\hotspot\src\share\vm\prims\jvm.cpp, line 1312]
Event: 7.459 Thread 0x0000000002f00800 Exception <a 'java/security/PrivilegedActionException'> (0x00000000ec663208) thrown at [C:\workspace\8-2-build-windows-amd64-cygwin\jdk8u31\2394\hotspot\src\share\vm\prims\jvm.cpp, line 1312]
Event: 7.459 Thread 0x0000000002f00800 Exception <a 'java/security/PrivilegedActionException'> (0x00000000ec666ea0) thrown at [C:\workspace\8-2-build-windows-amd64-cygwin\jdk8u31\2394\hotspot\src\share\vm\prims\jvm.cpp, line 1312]

Events (10 events):
Event: 8.364 Thread 0x0000000002f00800 DEOPT UNPACKING pc=0x000000000f05556a sp=0x0000000002efe8b8 mode 2
Event: 8.364 Thread 0x0000000002f00800 Uncommon trap: trap_request=0xffffffc6 fr.pc=0x000000000f51a518
Event: 8.364 Thread 0x0000000002f00800 DEOPT PACKING pc=0x000000000f51a518 sp=0x0000000002efe910
Event: 8.364 Thread 0x0000000002f00800 DEOPT UNPACKING pc=0x000000000f05556a sp=0x0000000002efe8b8 mode 2
Event: 8.364 Thread 0x0000000002f00800 Uncommon trap: trap_request=0xffffffc6 fr.pc=0x000000000f51a518
Event: 8.364 Thread 0x0000000002f00800 DEOPT PACKING pc=0x000000000f51a518 sp=0x0000000002efe910
Event: 8.364 Thread 0x0000000002f00800 DEOPT UNPACKING pc=0x000000000f05556a sp=0x0000000002efe8b8 mode 2
Event: 8.364 Thread 0x0000000002f00800 Uncommon trap: trap_request=0xffffffad fr.pc=0x000000000f62d660
Event: 8.364 Thread 0x0000000002f00800 DEOPT PACKING pc=0x000000000f62d660 sp=0x0000000002efe6a0
Event: 8.364 Thread 0x0000000002f00800 DEOPT UNPACKING pc=0x000000000f05556a sp=0x0000000002efe658 mode 2


Dynamic libraries:
0x00007ff77c470000 - 0x00007ff77c4a4000 	C:\Program Files\Java\jdk1.8.0_31\bin\java.exe
0x00007ffdf9b90000 - 0x00007ffdf9d3a000 	C:\Windows\SYSTEM32\ntdll.dll
0x00007ffdf7410000 - 0x00007ffdf754a000 	C:\Windows\system32\KERNEL32.DLL
0x00007ffdf7250000 - 0x00007ffdf735f000 	C:\Windows\system32\KERNELBASE.dll
0x00007ffdf5a20000 - 0x00007ffdf5aa8000 	C:\Windows\system32\apphelp.dll
0x00007ffde7830000 - 0x00007ffde787f000 	C:\Windows\AppPatch\AppPatch64\AcGenral.DLL
0x00007ffdf75d0000 - 0x00007ffdf7677000 	C:\Windows\system32\msvcrt.dll
0x00007ffdf6d60000 - 0x00007ffdf6d8b000 	C:\Windows\SYSTEM32\SspiCli.dll
0x00007ffdf9860000 - 0x00007ffdf98b1000 	C:\Windows\system32\SHLWAPI.dll
0x00007ffdf9a10000 - 0x00007ffdf9b81000 	C:\Windows\system32\USER32.dll
0x00007ffdf96d0000 - 0x00007ffdf9848000 	C:\Windows\system32\ole32.dll
0x00007ffdf7d30000 - 0x00007ffdf9147000 	C:\Windows\system32\SHELL32.dll
0x00007ffdf6540000 - 0x00007ffdf655e000 	C:\Windows\SYSTEM32\USERENV.dll
0x00007ffdf9620000 - 0x00007ffdf96c5000 	C:\Windows\system32\ADVAPI32.dll
0x00007ffdeeee0000 - 0x00007ffdeeefb000 	C:\Windows\SYSTEM32\MPR.dll
0x00007ffdf7680000 - 0x00007ffdf77b6000 	C:\Windows\system32\RPCRT4.dll
0x00007ffdf98c0000 - 0x00007ffdf9917000 	C:\Windows\SYSTEM32\sechost.dll
0x00007ffdf79c0000 - 0x00007ffdf7b96000 	C:\Windows\SYSTEM32\combase.dll
0x00007ffdf94d0000 - 0x00007ffdf9615000 	C:\Windows\system32\GDI32.dll
0x00007ffdf6f00000 - 0x00007ffdf6f14000 	C:\Windows\SYSTEM32\profapi.dll
0x00007ffdf5ab0000 - 0x00007ffdf5b4f000 	C:\Windows\SYSTEM32\SHCORE.dll
0x00007ffdf99c0000 - 0x00007ffdf99f4000 	C:\Windows\system32\IMM32.DLL
0x00007ffdf77c0000 - 0x00007ffdf78f9000 	C:\Windows\system32\MSCTF.dll
0x00007ffdf6eb0000 - 0x00007ffdf6ee2000 	C:\Windows\system32\nvinitx.dll
0x00007ffdf6ea0000 - 0x00007ffdf6eaa000 	C:\Windows\SYSTEM32\VERSION.dll
0x000000000f000000 - 0x000000000f006000 	C:\Program Files\NVIDIA Corporation\CoProcManager\_etoured.dll
0x00007ffdf47e0000 - 0x00007ffdf4812000 	C:\Program Files\NVIDIA Corporation\CoProcManager\nvd3d9wrapx.dll
0x00007ffdf9150000 - 0x00007ffdf9324000 	C:\Windows\system32\SETUPAPI.dll
0x00007ffdf71b0000 - 0x00007ffdf71fa000 	C:\Windows\system32\CFGMGR32.dll
0x00007ffdf4460000 - 0x00007ffdf4482000 	C:\Program Files\NVIDIA Corporation\CoProcManager\nvdxgiwrapx.dll
0x00007ffdf5100000 - 0x00007ffdf535a000 	C:\Windows\WinSxS\amd64_microsoft.windows.common-controls_6595b64144ccf1df_6.0.9600.17031_none_6242a4b3ecbb55a1\COMCTL32.dll
0x00000000509d0000 - 0x0000000050aa2000 	C:\Program Files\Java\jdk1.8.0_31\jre\bin\msvcr100.dll
0x0000000050f30000 - 0x000000005178a000 	C:\Program Files\Java\jdk1.8.0_31\jre\bin\server\jvm.dll
0x00007ffdeee30000 - 0x00007ffdeee39000 	C:\Windows\SYSTEM32\WSOCK32.dll
0x00007ffdf5360000 - 0x00007ffdf537f000 	C:\Windows\SYSTEM32\WINMM.dll
0x00007ffdf9a00000 - 0x00007ffdf9a07000 	C:\Windows\system32\PSAPI.DLL
0x00007ffdf7bb0000 - 0x00007ffdf7c08000 	C:\Windows\system32\WS2_32.dll
0x00007ffdf4e10000 - 0x00007ffdf4e3a000 	C:\Windows\SYSTEM32\WINMMBASE.dll
0x00007ffdf7ba0000 - 0x00007ffdf7ba9000 	C:\Windows\system32\NSI.dll
0x00007ffdf5d30000 - 0x00007ffdf5d56000 	C:\Windows\SYSTEM32\DEVOBJ.dll
0x0000000050e40000 - 0x0000000050e4f000 	C:\Program Files\Java\jdk1.8.0_31\jre\bin\verify.dll
0x0000000050e10000 - 0x0000000050e38000 	C:\Program Files\Java\jdk1.8.0_31\jre\bin\java.dll
0x0000000050df0000 - 0x0000000050e06000 	C:\Program Files\Java\jdk1.8.0_31\jre\bin\zip.dll

VM Arguments:
jvm_args: -Xmx1024M -Dfile.encoding=x-windows-874 -Duser.country=US -Duser.language=en -Duser.variant 
java_command: com.android.dx.command.Main --dex --output C:\Users\l2ol3otic2\AndroidStudioProjects\Head_UP04\app\build\intermediates\pre-dexed\debug\classes-b9a92897660fb57558e8852752415c0bad26139e.jar C:\Users\l2ol3otic2\AndroidStudioProjects\Head_UP04\app\build\intermediates\exploded-aar\com.google.android.gms\play-services-fitness\7.0.0\classes.jar
java_class_path (initial): C:\Users\l2ol3otic2\AppData\Local\Android\sdk\build-tools\22.0.0\lib\dx.jar
Launcher Type: SUN_STANDARD

Environment Variables:
PATH=C:\ProgramData\Oracle\Java\javapath;C:\Program Files (x86)\NVIDIA Corporation\PhysX\Common;C:\Windows\system32;C:\Windows;C:\Windows\System32\Wbem;C:\Windows\System32\WindowsPowerShell\v1.0\;C:\Program Files (x86)\Intel\OpenCL SDK\2.0\bin\x86;C:\Program Files (x86)\Intel\OpenCL SDK\2.0\bin\x64;C:\Program Files (x86)\Git\cmd
USERNAME=l2ol3otic2
OS=Windows_NT
PROCESSOR_IDENTIFIER=Intel64 Family 6 Model 42 Stepping 7, GenuineIntel



---------------  S Y S T E M  ---------------

OS: Windows 8.1 , 64 bit Build 9600 

CPU:total 4 (2 cores per cpu, 2 threads per core) family 6 model 42 stepping 7, cmov, cx8, fxsr, mmx, sse, sse2, sse3, ssse3, sse4.1, sse4.2, popcnt, avx, aes, clmul, ht, tsc, tscinvbit

Memory: 4k page, physical 4099248k(13796k free), swap 7244976k(4868k free)

vm_info: Java HotSpot(TM) 64-Bit Server VM (25.31-b07) for windows-amd64 JRE (1.8.0_31-b13), built on Dec 17 2014 21:00:28 by "java_re" with MS VC++ 10.0 (VS2010)

time: Fri Apr 17 17:37:52 2015
elapsed time: 10 seconds (0d 0h 0m 10s)

