JvmtiExport can_access_local_variables 0
JvmtiExport can_hotswap_or_post_breakpoint 0
JvmtiExport can_post_on_exceptions 0
# 248 ciObject found
ciMethod java/lang/Object <init> ()V 4097 1 466284 0 0
ciMethod java/lang/Object getClass ()Ljava/lang/Class; 2049 1 256 0 -1
ciMethod java/lang/Object clone ()Ljava/lang/Object; 2049 1 256 0 -1
ciMethod java/lang/System arraycopy (Ljava/lang/Object;ILjava/lang/Object;II)V 5121 1 640 0 -1
ciMethod java/lang/Integer numberOfTrailingZeros (I)I 1553 1 3195 0 -1
ciMethod java/lang/Long numberOfTrailingZeros (J)I 1673 1 6353 0 -1
ciMethod java/util/AbstractList <init> ()V 289 1 54038 0 0
ciMethod java/util/AbstractCollection <init> ()V 249 1 70173 0 0
ciMethod java/lang/Math max (II)I 217 1 40370 0 -1
ciMethod java/lang/Math min (II)I 3081 1 25039 0 -1
ciMethod java/util/ArrayList <init> ()V 105 1 33345 0 64
ciMethod java/util/ArrayList ensureCapacityInternal (I)V 641 1 150180 0 0
ciMethod java/util/ArrayList ensureExplicitCapacity (I)V 641 1 150347 0 544
ciMethod java/util/ArrayList grow (I)V 89 1 5202 0 544
ciMethod java/util/ArrayList hugeCapacity (I)I 0 0 1 0 0
ciMethod java/util/ArrayList size ()I 1097 1 137 0 -1
ciMethod java/util/ArrayList elementData (I)Ljava/lang/Object; 2041 1 477764 0 0
ciMethod java/util/ArrayList get (I)Ljava/lang/Object; 1977 1 461196 0 128
ciMethod java/util/ArrayList add (ILjava/lang/Object;)V 1073 1 1847 0 0
ciMethod java/util/ArrayList rangeCheck (I)V 1977 1 470340 0 0
ciMethod java/util/ArrayList rangeCheckForAdd (I)V 2369 1 1874 0 0
ciMethod java/util/ArrayList iterator ()Ljava/util/Iterator; 3217 1 63472 0 192
ciMethod java/util/ArrayList access$100 (Ljava/util/ArrayList;)I 1025 1 128 0 0
ciMethod java/util/HashMap get (Ljava/lang/Object;)Ljava/lang/Object; 2049 1 29798 0 -1
ciMethod java/util/HashMap put (Ljava/lang/Object;Ljava/lang/Object;)Ljava/lang/Object; 2113 1 10119 0 -1
ciMethod java/util/Arrays copyOf ([Ljava/lang/Object;I)[Ljava/lang/Object; 3217 1 10977 0 0
ciMethod java/util/Arrays copyOf ([Ljava/lang/Object;ILjava/lang/Class;)[Ljava/lang/Object; 3073 1 5545 0 -1
ciMethod java/util/Arrays copyOf ([JI)[J 9 1 100 0 0
ciMethodData java/lang/Object <init> ()V 2 466284 orig 264 104 158 78 81 0 0 0 0 136 4 66 5 0 0 0 0 32 1 0 0 0 0 0 0 0 0 0 0 0 0 0 0 0 0 0 0 0 0 0 0 0 0 0 0 0 0 0 0 0 0 0 0 0 0 0 0 0 0 0 0 0 0 0 0 0 0 0 0 0 0 0 0 0 0 0 0 0 0 0 0 77 68 79 32 101 120 116 114 97 32 100 97 116 97 32 108 111 99 107 0 0 0 0 0 0 0 0 0 0 0 0 0 0 0 0 0 0 0 0 0 0 0 0 0 0 0 0 0 0 0 0 0 0 0 0 0 0 0 0 0 0 0 0 0 0 0 0 0 0 0 0 0 0 0 0 0 0 0 0 0 0 0 0 0 0 0 0 0 0 0 0 0 0 0 0 0 0 0 0 0 0 0 0 0 1 0 0 0 0 0 0 0 1 0 0 0 0 0 0 0 1 0 0 0 0 0 0 0 0 0 0 0 0 0 0 0 0 2 0 0 97 219 56 0 1 0 0 0 0 0 0 0 0 0 0 0 2 0 0 0 0 0 3 0 3 0 0 0 0 0 0 0 255 255 255 255 0 0 0 0 0 0 0 0 data 0 oops 0
ciMethod java/util/Iterator hasNext ()Z 0 0 1 0 -1
ciMethod java/util/Iterator next ()Ljava/lang/Object; 0 0 1 0 -1
ciMethod java/util/BitSet wordIndex (I)I 2057 1 42116 0 0
ciMethod java/util/BitSet checkInvariants ()V 2105 1 5385 0 32
ciMethod java/util/BitSet recalculateWordsInUse ()V 2001 881 5526 0 128
ciMethod java/util/BitSet <init> (I)V 3089 1 5523 0 -1
ciMethod java/util/BitSet ensureCapacity (I)V 897 1 4793 0 0
ciMethod java/util/BitSet expandTo (I)V 2513 1 10942 0 0
ciMethod java/util/BitSet set (I)V 2217 1 5442 0 320
ciMethod java/util/BitSet clear (I)V 2049 1 5618 0 224
ciMethod java/util/BitSet get (I)Z 1585 1 5325 0 160
ciMethod java/util/BitSet nextSetBit (I)I 3113 1 5536 0 256
ciMethod java/util/BitSet clone ()Ljava/lang/Object; 2049 1 5959 0 480
ciMethod java/util/BitSet trimToSize ()V 0 0 29 0 0
ciMethodData java/util/ArrayList ensureCapacityInternal (I)V 2 150287 orig 264 104 158 78 81 0 0 0 0 168 63 79 5 0 0 0 0 144 1 0 0 32 0 0 0 0 0 0 0 0 0 0 0 0 0 0 0 0 0 0 0 0 0 0 0 0 0 0 0 0 0 0 0 0 0 0 0 0 0 0 0 0 0 0 0 0 0 0 0 0 0 0 0 0 0 0 0 0 0 0 0 77 68 79 32 101 120 116 114 97 32 100 97 116 97 32 108 111 99 107 0 0 0 0 0 0 0 0 0 0 0 0 0 0 0 0 0 0 0 0 0 0 0 0 0 0 0 0 0 0 0 0 0 0 0 0 0 0 0 0 0 0 0 0 0 0 0 0 0 0 0 0 0 0 0 0 0 0 0 0 0 0 0 0 0 0 0 0 0 0 0 0 0 0 0 0 0 0 0 0 0 0 0 0 0 17 0 0 0 0 0 0 0 0 0 0 0 0 0 0 0 1 0 0 0 0 0 0 0 0 0 0 0 0 0 0 0 80 0 0 0 249 85 18 0 1 0 0 0 0 0 0 0 0 0 0 0 2 0 0 0 0 0 14 0 3 0 1 0 64 0 0 0 255 255 255 255 7 0 7 0 0 0 0 0 data 8 0x70007 0x1c60c 0x30 0x84b3 0xd0002 0x84b3 0x130002 0x24abf oops 0
ciMethodData java/util/ArrayList ensureExplicitCapacity (I)V 2 150347 orig 264 104 158 78 81 0 0 0 0 88 64 79 5 0 0 0 0 88 1 0 0 0 0 0 0 0 0 0 0 0 0 0 0 0 0 0 0 0 0 0 0 0 0 0 0 0 0 0 0 0 0 0 0 0 0 0 0 0 0 0 0 0 0 0 0 0 0 0 0 0 0 0 0 0 0 0 0 0 0 0 0 77 68 79 32 101 120 116 114 97 32 100 97 116 97 32 108 111 99 107 0 0 0 0 0 0 0 0 0 0 0 0 0 0 0 0 0 0 0 0 0 0 0 0 0 0 0 0 0 0 0 0 0 0 0 0 0 0 0 0 0 0 0 0 0 0 0 0 0 0 0 0 0 0 0 0 0 0 0 0 0 0 0 0 0 0 0 0 0 0 0 0 0 0 0 0 0 0 0 0 0 0 0 0 0 17 0 0 0 0 0 0 0 0 0 0 0 0 0 0 0 1 0 0 0 0 0 0 0 0 0 0 0 0 0 0 0 80 0 0 0 217 87 18 0 1 0 0 0 0 0 0 0 0 0 0 0 2 0 0 0 0 0 6 0 4 0 1 0 48 0 0 0 255 255 255 255 7 0 17 0 0 0 0 0 data 6 0x110007 0x1e180 0x30 0x697b 0x160002 0x697b oops 0
ciMethodData java/util/ArrayList grow (I)V 2 5202 orig 264 104 158 78 81 0 0 0 0 32 65 79 5 0 0 0 0 176 1 0 0 64 0 0 0 0 0 0 0 0 0 0 0 0 0 0 0 0 0 0 0 0 0 0 0 0 0 0 0 0 0 0 0 0 0 0 0 0 0 0 0 0 0 0 0 0 0 0 0 0 0 0 0 0 0 0 0 0 0 0 0 77 68 79 32 101 120 116 114 97 32 100 97 116 97 32 108 111 99 107 0 0 0 0 0 0 0 0 0 0 0 0 0 0 0 0 0 0 0 0 0 0 0 0 0 0 0 0 0 0 0 0 0 0 0 0 0 0 0 0 0 0 0 0 0 0 0 0 0 0 0 0 0 0 0 0 0 0 0 0 0 0 0 0 0 0 0 0 0 0 0 0 0 0 0 0 0 0 0 0 0 0 0 0 0 17 0 0 0 0 0 0 0 0 0 0 0 0 0 0 0 1 0 0 0 0 0 0 0 0 0 0 0 0 0 0 0 11 0 0 0 57 162 0 0 1 0 0 0 0 0 0 0 0 0 0 0 2 0 0 0 0 0 15 0 4 0 1 0 96 0 0 0 255 255 255 255 7 0 15 0 0 0 0 0 data 12 0xf0007 0x119 0x20 0x132e 0x180007 0x1447 0x30 0x0 0x1c0002 0x0 0x260002 0x1447 oops 0
ciMethodData java/util/ArrayList get (I)Ljava/lang/Object; 2 462571 orig 264 104 158 78 81 0 0 0 0 216 72 79 5 0 0 0 0 144 1 0 0 0 0 0 0 0 0 0 0 0 0 0 0 0 0 0 0 0 0 0 0 0 0 0 0 0 0 0 0 0 0 0 0 0 0 0 0 0 0 0 0 0 0 0 0 0 0 0 0 0 0 0 0 0 0 0 0 0 0 0 0 77 68 79 32 101 120 116 114 97 32 100 97 116 97 32 108 111 99 107 0 0 0 0 0 0 0 0 0 0 0 0 0 0 0 0 0 0 0 0 0 0 0 0 0 0 0 0 0 0 0 0 0 0 0 0 0 0 0 0 0 0 0 0 0 0 0 0 0 0 0 0 0 0 0 0 0 0 0 0 0 0 0 0 0 0 0 0 0 0 0 0 0 0 0 0 0 0 0 0 0 0 0 0 0 0 0 0 0 0 0 0 0 0 0 0 0 0 0 0 0 0 0 0 0 0 0 0 0 0 0 0 0 0 0 0 0 247 0 0 0 161 111 56 0 1 0 0 0 0 0 0 0 0 0 0 0 2 0 0 0 0 0 6 0 4 0 1 0 64 0 0 0 255 255 255 255 2 0 2 0 0 0 0 0 data 8 0x20002 0x70df4 0x70005 0x0 0x807ff30 0x70df4 0x0 0x0 oops 1